This is pdfTeX, Version 3.1415926-2.5-1.40.14 (MiKTeX 2.9) (preloaded format=pdflatex 2014.6.30)  29 APR 2015 18:00
entering extended mode
**FYPReport.tex

("C:\Users\Tim\Documents\Education\University of Bath\Mechanical Engineering\Y3
S2\BEng Project\Final Submission\Final Report\FYPReport.tex"
LaTeX2e <2011/06/27>
Babel <v3.8m> and hyphenation patterns for english, afrikaans, ancientgreek, ar
abic, armenian, assamese, basque, bengali, bokmal, bulgarian, catalan, coptic, 
croatian, czech, danish, dutch, esperanto, estonian, farsi, finnish, french, ga
lician, german, german-x-2013-05-26, greek, gujarati, hindi, hungarian, iceland
ic, indonesian, interlingua, irish, italian, kannada, kurmanji, latin, latvian,
 lithuanian, malayalam, marathi, mongolian, mongolianlmc, monogreek, ngerman, n
german-x-2013-05-26, nynorsk, oriya, panjabi, pinyin, polish, portuguese, roman
ian, russian, sanskrit, serbian, slovak, slovenian, spanish, swedish, swissgerm
an, tamil, telugu, turkish, turkmen, ukenglish, ukrainian, uppersorbian, usengl
ishmax, welsh, loaded.
("C:\Program Files (x86)\MiKTeX 2.9\tex\latex\base\report.cls"
Document Class: report 2007/10/19 v1.4h Standard LaTeX document class
("C:\Program Files (x86)\MiKTeX 2.9\tex\latex\base\size10.clo"
File: size10.clo 2007/10/19 v1.4h Standard LaTeX file (size option)
)
\c@part=\count79
\c@chapter=\count80
\c@section=\count81
\c@subsection=\count82
\c@subsubsection=\count83
\c@paragraph=\count84
\c@subparagraph=\count85
\c@figure=\count86
\c@table=\count87
\abovecaptionskip=\skip41
\belowcaptionskip=\skip42
\bibindent=\dimen102
)
("C:\Program Files (x86)\MiKTeX 2.9\tex\latex\graphics\graphicx.sty"
Package: graphicx 1999/02/16 v1.0f Enhanced LaTeX Graphics (DPC,SPQR)

("C:\Program Files (x86)\MiKTeX 2.9\tex\latex\graphics\keyval.sty"
Package: keyval 1999/03/16 v1.13 key=value parser (DPC)
\KV@toks@=\toks14
)
("C:\Program Files (x86)\MiKTeX 2.9\tex\latex\graphics\graphics.sty"
Package: graphics 2009/02/05 v1.0o Standard LaTeX Graphics (DPC,SPQR)

("C:\Program Files (x86)\MiKTeX 2.9\tex\latex\graphics\trig.sty"
Package: trig 1999/03/16 v1.09 sin cos tan (DPC)
)
("C:\Program Files (x86)\MiKTeX 2.9\tex\latex\00miktex\graphics.cfg"
File: graphics.cfg 2007/01/18 v1.5 graphics configuration of teTeX/TeXLive
)
Package graphics Info: Driver file: pdftex.def on input line 91.

("C:\Program Files (x86)\MiKTeX 2.9\tex\latex\pdftex-def\pdftex.def"
File: pdftex.def 2011/05/27 v0.06d Graphics/color for pdfTeX

("C:\Program Files (x86)\MiKTeX 2.9\tex\generic\oberdiek\infwarerr.sty"
Package: infwarerr 2010/04/08 v1.3 Providing info/warning/error messages (HO)
)
("C:\Program Files (x86)\MiKTeX 2.9\tex\generic\oberdiek\ltxcmds.sty"
Package: ltxcmds 2011/11/09 v1.22 LaTeX kernel commands for general use (HO)
)
\Gread@gobject=\count88
))
\Gin@req@height=\dimen103
\Gin@req@width=\dimen104
)
("C:\Program Files (x86)\MiKTeX 2.9\tex\latex\amsmath\amsmath.sty"
Package: amsmath 2013/01/14 v2.14 AMS math features
\@mathmargin=\skip43

For additional information on amsmath, use the `?' option.
("C:\Program Files (x86)\MiKTeX 2.9\tex\latex\amsmath\amstext.sty"
Package: amstext 2000/06/29 v2.01

("C:\Program Files (x86)\MiKTeX 2.9\tex\latex\amsmath\amsgen.sty"
File: amsgen.sty 1999/11/30 v2.0
\@emptytoks=\toks15
\ex@=\dimen105
))
("C:\Program Files (x86)\MiKTeX 2.9\tex\latex\amsmath\amsbsy.sty"
Package: amsbsy 1999/11/29 v1.2d
\pmbraise@=\dimen106
)
("C:\Program Files (x86)\MiKTeX 2.9\tex\latex\amsmath\amsopn.sty"
Package: amsopn 1999/12/14 v2.01 operator names
)
\inf@bad=\count89
LaTeX Info: Redefining \frac on input line 210.
\uproot@=\count90
\leftroot@=\count91
LaTeX Info: Redefining \overline on input line 306.
\classnum@=\count92
\DOTSCASE@=\count93
LaTeX Info: Redefining \ldots on input line 378.
LaTeX Info: Redefining \dots on input line 381.
LaTeX Info: Redefining \cdots on input line 466.
\Mathstrutbox@=\box26
\strutbox@=\box27
\big@size=\dimen107
LaTeX Font Info:    Redeclaring font encoding OML on input line 566.
LaTeX Font Info:    Redeclaring font encoding OMS on input line 567.
\macc@depth=\count94
\c@MaxMatrixCols=\count95
\dotsspace@=\muskip10
\c@parentequation=\count96
\dspbrk@lvl=\count97
\tag@help=\toks16
\row@=\count98
\column@=\count99
\maxfields@=\count100
\andhelp@=\toks17
\eqnshift@=\dimen108
\alignsep@=\dimen109
\tagshift@=\dimen110
\tagwidth@=\dimen111
\totwidth@=\dimen112
\lineht@=\dimen113
\@envbody=\toks18
\multlinegap=\skip44
\multlinetaggap=\skip45
\mathdisplay@stack=\toks19
LaTeX Info: Redefining \[ on input line 2665.
LaTeX Info: Redefining \] on input line 2666.
)
("C:\Program Files (x86)\MiKTeX 2.9\tex\latex\geometry\geometry.sty"
Package: geometry 2010/09/12 v5.6 Page Geometry

("C:\Program Files (x86)\MiKTeX 2.9\tex\generic\oberdiek\ifpdf.sty"
Package: ifpdf 2011/01/30 v2.3 Provides the ifpdf switch (HO)
Package ifpdf Info: pdfTeX in PDF mode is detected.
)
("C:\Program Files (x86)\MiKTeX 2.9\tex\generic\oberdiek\ifvtex.sty"
Package: ifvtex 2010/03/01 v1.5 Detect VTeX and its facilities (HO)
Package ifvtex Info: VTeX not detected.
)
("C:\Program Files (x86)\MiKTeX 2.9\tex\generic\ifxetex\ifxetex.sty"
Package: ifxetex 2010/09/12 v0.6 Provides ifxetex conditional
)
\Gm@cnth=\count101
\Gm@cntv=\count102
\c@Gm@tempcnt=\count103
\Gm@bindingoffset=\dimen114
\Gm@wd@mp=\dimen115
\Gm@odd@mp=\dimen116
\Gm@even@mp=\dimen117
\Gm@layoutwidth=\dimen118
\Gm@layoutheight=\dimen119
\Gm@layouthoffset=\dimen120
\Gm@layoutvoffset=\dimen121
\Gm@dimlist=\toks20

("C:\Program Files (x86)\MiKTeX 2.9\tex\latex\geometry\geometry.cfg"))
("C:\Program Files (x86)\MiKTeX 2.9\tex\latex\was\gensymb.sty"
Package: gensymb 2003/07/02 v1.0 (WaS)
)
("C:\Program Files (x86)\MiKTeX 2.9\tex\latex\placeins\placeins.sty"
Package: placeins 2005/04/18  v 2.2
)
("C:\Program Files (x86)\MiKTeX 2.9\tex\latex\oberdiek\pdflscape.sty"
Package: pdflscape 2008/08/11 v0.10 Display of landscape pages in PDF (HO)

("C:\Program Files (x86)\MiKTeX 2.9\tex\latex\graphics\lscape.sty"
Package: lscape 2000/10/22 v3.01 Landscape Pages (DPC)
)
Package pdflscape Info: Auto-detected driver: pdftex on input line 80.
)
("C:\Program Files (x86)\MiKTeX 2.9\tex\latex\pdfpages\pdfpages.sty"
Package: pdfpages 2013/08/25 v0.4v Insert pages of external PDF documents (AM)

("C:\Program Files (x86)\MiKTeX 2.9\tex\latex\base\ifthen.sty"
Package: ifthen 2001/05/26 v1.1c Standard LaTeX ifthen package (DPC)
)
("C:\Program Files (x86)\MiKTeX 2.9\tex\latex\tools\calc.sty"
Package: calc 2007/08/22 v4.3 Infix arithmetic (KKT,FJ)
\calc@Acount=\count104
\calc@Bcount=\count105
\calc@Adimen=\dimen122
\calc@Bdimen=\dimen123
\calc@Askip=\skip46
\calc@Bskip=\skip47
LaTeX Info: Redefining \setlength on input line 76.
LaTeX Info: Redefining \addtolength on input line 77.
\calc@Ccount=\count106
\calc@Cskip=\skip48
)
("C:\Program Files (x86)\MiKTeX 2.9\tex\latex\eso-pic\eso-pic.sty"
Package: eso-pic 2013/10/06 v2.0d eso-pic (RN)

("C:\Program Files (x86)\MiKTeX 2.9\tex\generic\oberdiek\atbegshi.sty"
Package: atbegshi 2011/10/05 v1.16 At begin shipout hook (HO)
)
("C:\Program Files (x86)\MiKTeX 2.9\tex\latex\xcolor\xcolor.sty"
Package: xcolor 2007/01/21 v2.11 LaTeX color extensions (UK)

("C:\Program Files (x86)\MiKTeX 2.9\tex\latex\00miktex\color.cfg"
File: color.cfg 2007/01/18 v1.5 color configuration of teTeX/TeXLive
)
Package xcolor Info: Driver file: pdftex.def on input line 225.
Package xcolor Info: Model `cmy' substituted by `cmy0' on input line 1337.
Package xcolor Info: Model `hsb' substituted by `rgb' on input line 1341.
Package xcolor Info: Model `RGB' extended on input line 1353.
Package xcolor Info: Model `HTML' substituted by `rgb' on input line 1355.
Package xcolor Info: Model `Hsb' substituted by `hsb' on input line 1356.
Package xcolor Info: Model `tHsb' substituted by `hsb' on input line 1357.
Package xcolor Info: Model `HSB' substituted by `hsb' on input line 1358.
Package xcolor Info: Model `Gray' substituted by `gray' on input line 1359.
Package xcolor Info: Model `wave' substituted by `hsb' on input line 1360.
))
("C:\Program Files (x86)\MiKTeX 2.9\tex\latex\pdfpages\pppdftex.def"
File: pppdftex.def 2013/08/25 v0.4v Pdfpages driver for pdfTeX (AM)
)
\AM@pagebox=\box28
\AM@toc@title=\toks21
\c@AM@survey=\count107
\AM@templatesizebox=\box29
)
("C:\Program Files (x86)\MiKTeX 2.9\tex\latex\appendix\appendix.sty"
Package: appendix 2009/09/02 v1.2b extra appendix facilities
\c@@pps=\count108
\c@@ppsavesec=\count109
\c@@ppsaveapp=\count110
)
("C:\Program Files (x86)\MiKTeX 2.9\tex\latex\caption\subcaption.sty"
Package: subcaption 2013/02/03 v1.1-62 Sub-captions (AR)

("C:\Program Files (x86)\MiKTeX 2.9\tex\latex\caption\caption.sty"
Package: caption 2013/05/02 v3.3-89 Customizing captions (AR)

("C:\Program Files (x86)\MiKTeX 2.9\tex\latex\caption\caption3.sty"
Package: caption3 2013/05/02 v1.6-88 caption3 kernel (AR)
Package caption3 Info: TeX engine: e-TeX on input line 57.
\captionmargin=\dimen124
\captionmargin@=\dimen125
\captionwidth=\dimen126
\caption@tempdima=\dimen127
\caption@indent=\dimen128
\caption@parindent=\dimen129
\caption@hangindent=\dimen130
)
\c@ContinuedFloat=\count111
)
\c@subfigure=\count112
\c@subtable=\count113
)
("C:\Program Files (x86)\MiKTeX 2.9\tex\latex\titlesec\titlesec.sty"
Package: titlesec 2011/12/15 v2.10.0 Sectioning titles
\ttl@box=\box30
\beforetitleunit=\skip49
\aftertitleunit=\skip50
\ttl@plus=\dimen131
\ttl@minus=\dimen132
\ttl@toksa=\toks22
\titlewidth=\dimen133
\titlewidthlast=\dimen134
\titlewidthfirst=\dimen135
)
("C:\Program Files (x86)\MiKTeX 2.9\tex\latex\titling\titling.sty"
Package: titling 2009/09/04 v2.1d maketitle typesetting
\thanksmarkwidth=\skip51
\thanksmargin=\skip52
\droptitle=\skip53
)
("C:\Program Files (x86)\MiKTeX 2.9\tex\latex\acronym\acronym.sty"
Package: acronym 2014/09/29 v1.40 Support for acronyms (Tobias Oetiker)

("C:\Program Files (x86)\MiKTeX 2.9\tex\latex\bigfoot\suffix.sty"
Package: suffix 2006/07/15 1.5a Variant command support
)
("C:\Program Files (x86)\MiKTeX 2.9\tex\latex\xstring\xstring.sty"
("C:\Program Files (x86)\MiKTeX 2.9\tex\generic\xstring\xstring.tex"
\@xs@message=\write3
\integerpart=\count114
\decimalpart=\count115
)
Package: xstring 2013/10/13  v1.7c  String manipulations (C Tellechea)
)
\AC@clearlist=\toks23
)
("C:\Program Files (x86)\MiKTeX 2.9\tex\latex\hyperref\hyperref.sty"
Package: hyperref 2012/11/06 v6.83m Hypertext links for LaTeX

("C:\Program Files (x86)\MiKTeX 2.9\tex\generic\oberdiek\hobsub-hyperref.sty"
Package: hobsub-hyperref 2012/04/25 v1.12 Bundle oberdiek, subset hyperref (HO)


("C:\Program Files (x86)\MiKTeX 2.9\tex\generic\oberdiek\hobsub-generic.sty"
Package: hobsub-generic 2012/04/25 v1.12 Bundle oberdiek, subset generic (HO)
Package: hobsub 2012/04/25 v1.12 Construct package bundles (HO)
Package hobsub Info: Skipping package `infwarerr' (already loaded).
Package hobsub Info: Skipping package `ltxcmds' (already loaded).
Package: ifluatex 2010/03/01 v1.3 Provides the ifluatex switch (HO)
Package ifluatex Info: LuaTeX not detected.
Package hobsub Info: Skipping package `ifvtex' (already loaded).
Package: intcalc 2007/09/27 v1.1 Expandable calculations with integers (HO)
Package hobsub Info: Skipping package `ifpdf' (already loaded).
Package: etexcmds 2011/02/16 v1.5 Avoid name clashes with e-TeX commands (HO)
Package etexcmds Info: Could not find \expanded.
(etexcmds)             That can mean that you are not using pdfTeX 1.50 or
(etexcmds)             that some package has redefined \expanded.
(etexcmds)             In the latter case, load this package earlier.
Package: kvsetkeys 2012/04/25 v1.16 Key value parser (HO)
Package: kvdefinekeys 2011/04/07 v1.3 Define keys (HO)
Package: pdftexcmds 2011/11/29 v0.20 Utility functions of pdfTeX for LuaTeX (HO
)
Package pdftexcmds Info: LuaTeX not detected.
Package pdftexcmds Info: \pdf@primitive is available.
Package pdftexcmds Info: \pdf@ifprimitive is available.
Package pdftexcmds Info: \pdfdraftmode found.
Package: pdfescape 2011/11/25 v1.13 Implements pdfTeX's escape features (HO)
Package: bigintcalc 2012/04/08 v1.3 Expandable calculations on big integers (HO
)
Package: bitset 2011/01/30 v1.1 Handle bit-vector datatype (HO)
Package: uniquecounter 2011/01/30 v1.2 Provide unlimited unique counter (HO)
)
Package hobsub Info: Skipping package `hobsub' (already loaded).
Package: letltxmacro 2010/09/02 v1.4 Let assignment for LaTeX macros (HO)
Package: hopatch 2011/06/24 v1.1 Wrapper for package hooks (HO)
Package: xcolor-patch 2011/01/30 xcolor patch
Package: atveryend 2011/06/30 v1.8 Hooks at the very end of document (HO)
Package atveryend Info: \enddocument detected (standard20110627).
Package hobsub Info: Skipping package `atbegshi' (already loaded).
Package: refcount 2011/10/16 v3.4 Data extraction from label references (HO)
Package: hycolor 2011/01/30 v1.7 Color options for hyperref/bookmark (HO)
)
("C:\Program Files (x86)\MiKTeX 2.9\tex\latex\oberdiek\auxhook.sty"
Package: auxhook 2011/03/04 v1.3 Hooks for auxiliary files (HO)
)
("C:\Program Files (x86)\MiKTeX 2.9\tex\latex\oberdiek\kvoptions.sty"
Package: kvoptions 2011/06/30 v3.11 Key value format for package options (HO)
)
\@linkdim=\dimen136
\Hy@linkcounter=\count116
\Hy@pagecounter=\count117

("C:\Program Files (x86)\MiKTeX 2.9\tex\latex\hyperref\pd1enc.def"
File: pd1enc.def 2012/11/06 v6.83m Hyperref: PDFDocEncoding definition (HO)
)
\Hy@SavedSpaceFactor=\count118

("C:\Program Files (x86)\MiKTeX 2.9\tex\latex\00miktex\hyperref.cfg"
File: hyperref.cfg 2002/06/06 v1.2 hyperref configuration of TeXLive
)
Package hyperref Info: Hyper figures OFF on input line 4443.
Package hyperref Info: Link nesting OFF on input line 4448.
Package hyperref Info: Hyper index ON on input line 4451.
Package hyperref Info: Plain pages OFF on input line 4458.
Package hyperref Info: Backreferencing OFF on input line 4463.
Package hyperref Info: Implicit mode ON; LaTeX internals redefined.
Package hyperref Info: Bookmarks ON on input line 4688.
\c@Hy@tempcnt=\count119

("C:\Program Files (x86)\MiKTeX 2.9\tex\latex\url\url.sty"
\Urlmuskip=\muskip11
Package: url 2013/09/16  ver 3.4  Verb mode for urls, etc.
)
LaTeX Info: Redefining \url on input line 5041.
\XeTeXLinkMargin=\dimen137
\Fld@menulength=\count120
\Field@Width=\dimen138
\Fld@charsize=\dimen139
Package hyperref Info: Hyper figures OFF on input line 6295.
Package hyperref Info: Link nesting OFF on input line 6300.
Package hyperref Info: Hyper index ON on input line 6303.
Package hyperref Info: backreferencing OFF on input line 6310.
Package hyperref Info: Link coloring OFF on input line 6315.
Package hyperref Info: Link coloring with OCG OFF on input line 6320.
Package hyperref Info: PDF/A mode OFF on input line 6325.
LaTeX Info: Redefining \ref on input line 6365.
LaTeX Info: Redefining \pageref on input line 6369.
\Hy@abspage=\count121
\c@Item=\count122
\c@Hfootnote=\count123
)

Package hyperref Message: Driver (autodetected): hpdftex.

("C:\Program Files (x86)\MiKTeX 2.9\tex\latex\hyperref\hpdftex.def"
File: hpdftex.def 2012/11/06 v6.83m Hyperref driver for pdfTeX
\Fld@listcount=\count124
\c@bookmark@seq@number=\count125

("C:\Program Files (x86)\MiKTeX 2.9\tex\latex\oberdiek\rerunfilecheck.sty"
Package: rerunfilecheck 2011/04/15 v1.7 Rerun checks for auxiliary files (HO)
Package uniquecounter Info: New unique counter `rerunfilecheck' on input line 2
82.
)
\Hy@SectionHShift=\skip54
)
("C:\Program Files (x86)\MiKTeX 2.9\tex\latex\float\float.sty"
Package: float 2001/11/08 v1.3d Float enhancements (AL)
\c@float@type=\count126
\float@exts=\toks24
\float@box=\box31
\@float@everytoks=\toks25
\@floatcapt=\box32
)
("C:\Program Files (x86)\MiKTeX 2.9\tex\latex\wrapfig\wrapfig.sty"
\wrapoverhang=\dimen140
\WF@size=\dimen141
\c@WF@wrappedlines=\count127
\WF@box=\box33
\WF@everypar=\toks26
Package: wrapfig 2003/01/31  v 3.6
)
("C:\Program Files (x86)\MiKTeX 2.9\tex\latex\setspace\setspace.sty"
Package: setspace 2011/12/19 v6.7a set line spacing
)
\@float@every@figure=\toks27

("C:\Users\Tim\Documents\Education\University of Bath\Mechanical Engineering\Y3
S2\BEng Project\Final Submission\Final Report\FYPReport.aux")
LaTeX Font Info:    Checking defaults for OML/cmm/m/it on input line 31.
LaTeX Font Info:    ... okay on input line 31.
LaTeX Font Info:    Checking defaults for T1/cmr/m/n on input line 31.
LaTeX Font Info:    ... okay on input line 31.
LaTeX Font Info:    Checking defaults for OT1/cmr/m/n on input line 31.
LaTeX Font Info:    ... okay on input line 31.
LaTeX Font Info:    Checking defaults for OMS/cmsy/m/n on input line 31.
LaTeX Font Info:    ... okay on input line 31.
LaTeX Font Info:    Checking defaults for OMX/cmex/m/n on input line 31.
LaTeX Font Info:    ... okay on input line 31.
LaTeX Font Info:    Checking defaults for U/cmr/m/n on input line 31.
LaTeX Font Info:    ... okay on input line 31.
LaTeX Font Info:    Checking defaults for PD1/pdf/m/n on input line 31.
LaTeX Font Info:    ... okay on input line 31.

("C:\Program Files (x86)\MiKTeX 2.9\tex\context\base\supp-pdf.mkii"
[Loading MPS to PDF converter (version 2006.09.02).]
\scratchcounter=\count128
\scratchdimen=\dimen142
\scratchbox=\box34
\nofMPsegments=\count129
\nofMParguments=\count130
\everyMPshowfont=\toks28
\MPscratchCnt=\count131
\MPscratchDim=\dimen143
\MPnumerator=\count132
\makeMPintoPDFobject=\count133
\everyMPtoPDFconversion=\toks29
)
*geometry* driver: auto-detecting
*geometry* detected driver: pdftex
*geometry* verbose mode - [ preamble ] result:
* driver: pdftex
* paper: <default>
* layout: <same size as paper>
* layoutoffset:(h,v)=(0.0pt,0.0pt)
* modes: 
* h-part:(L,W,R)=(72.26999pt, 469.75502pt, 72.26999pt)
* v-part:(T,H,B)=(72.26999pt, 650.43001pt, 72.26999pt)
* \paperwidth=614.295pt
* \paperheight=794.96999pt
* \textwidth=469.75502pt
* \textheight=650.43001pt
* \oddsidemargin=0.0pt
* \evensidemargin=0.0pt
* \topmargin=-37.0pt
* \headheight=12.0pt
* \headsep=25.0pt
* \topskip=10.0pt
* \footskip=30.0pt
* \marginparwidth=65.0pt
* \marginparsep=11.0pt
* \columnsep=10.0pt
* \skip\footins=9.0pt plus 4.0pt minus 2.0pt
* \hoffset=0.0pt
* \voffset=0.0pt
* \mag=1000
* \@twocolumnfalse
* \@twosidefalse
* \@mparswitchfalse
* \@reversemarginfalse
* (1in=72.27pt=25.4mm, 1cm=28.453pt)

LaTeX Info: Redefining \celsius on input line 31.
Package gensymb Info: Faking symbols for \degree and \celsius on input line 31.


Package gensymb Warning: Not defining \perthousand.

LaTeX Info: Redefining \ohm on input line 31.
Package gensymb Info: Using \Omega for \ohm on input line 31.

Package gensymb Warning: Not defining \micro.

\AtBeginShipoutBox=\box35
Package caption Info: Begin \AtBeginDocument code.
Package caption Info: float package is loaded.
Package caption Info: hyperref package is loaded.
Package caption Info: wrapfig package is loaded.
Package caption Info: End \AtBeginDocument code.
Package hyperref Info: Link coloring OFF on input line 31.
("C:\Program Files (x86)\MiKTeX 2.9\tex\latex\hyperref\nameref.sty"
Package: nameref 2012/10/27 v2.43 Cross-referencing by name of section

("C:\Program Files (x86)\MiKTeX 2.9\tex\generic\oberdiek\gettitlestring.sty"
Package: gettitlestring 2010/12/03 v1.4 Cleanup title references (HO)
)
\c@section@level=\count134
)
LaTeX Info: Redefining \ref on input line 31.
LaTeX Info: Redefining \pageref on input line 31.
LaTeX Info: Redefining \nameref on input line 31.

("C:\Users\Tim\Documents\Education\University of Bath\Mechanical Engineering\Y3
S2\BEng Project\Final Submission\Final Report\FYPReport.out")
("C:\Users\Tim\Documents\Education\University of Bath\Mechanical Engineering\Y3
S2\BEng Project\Final Submission\Final Report\FYPReport.out")
\@outlinefile=\write4
 [1

{C:/ProgramData/MiKTeX/2.9/pdftex/config/pdftex.map}] [1]pdfTeX warning (ext4):
 destination with the same identifier (name{page.i}) has been already used, dup
licate ignored
<to be read again> 
                   \relax 
l.41 \newpage
              [1] [2]
("C:\Users\Tim\Documents\Education\University of Bath\Mechanical Engineering\Y3
S2\BEng Project\Final Submission\Final Report\FYPReport.toc")
\tf@toc=\write5
 [3

]
Chapter 1.
<figures/CMS.jpg, id=200, 480.29437pt x 249.93375pt>
File: figures/CMS.jpg Graphic file (type jpg)
 <use figures/CMS.jpg>
Package pdftex.def Info: figures/CMS.jpg used on input line 94.
(pdftex.def)             Requested size: 469.75502pt x 244.45288pt.


LaTeX Warning: Citation `mishra' on page 1 undefined on input line 95.


LaTeX Warning: Citation `mishra' on page 1 undefined on input line 95.


LaTeX Warning: `!h' float specifier changed to `!ht'.

<figures/2PACLschem.jpg, id=202, 433.62pt x 148.30406pt>
File: figures/2PACLschem.jpg Graphic file (type jpg)

<use figures/2PACLschem.jpg>
Package pdftex.def Info: figures/2PACLschem.jpg used on input line 101.
(pdftex.def)             Requested size: 433.61894pt x 148.30368pt.


LaTeX Warning: Citation `CO2 PoS' on page 1 undefined on input line 102.


LaTeX Warning: Citation `CO2 PoS' on page 1 undefined on input line 102.

pdfTeX warning (ext4): destination with the same identifier (name{page.1}) has 
been already used, duplicate ignored
<to be read again> 
                   \relax 
l.105 
       [1

] [2 <C:/Users/Tim/Documents/Education/University of Bath/Mechanical Engineerin
g/Y3S2/BEng Project/Final Submission/Final Report/figures/CMS.jpg> <C:/Users/Ti
m/Documents/Education/University of Bath/Mechanical Engineering/Y3S2/BEng Proje
ct/Final Submission/Final Report/figures/2PACLschem.jpg>]
<figures/densityMethod.jpg, id=214, 526.96875pt x 510.40688pt>
File: figures/densityMethod.jpg Graphic file (type jpg)

<use figures/densityMethod.jpg>
Package pdftex.def Info: figures/densityMethod.jpg used on input line 115.
(pdftex.def)             Requested size: 234.8775pt x 227.50027pt.


LaTeX Warning: Citation `CERN courier' on page 3 undefined on input line 116.


LaTeX Warning: Citation `CERN courier' on page 3 undefined on input line 116.

[3 <C:/Users/Tim/Documents/Education/University of Bath/Mechanical Engineering/
Y3S2/BEng Project/Final Submission/Final Report/figures/densityMethod.jpg>]
LaTeX Font Info:    Try loading font information for OMS+cmr on input line 123.


("C:\Program Files (x86)\MiKTeX 2.9\tex\latex\base\omscmr.fd"
File: omscmr.fd 1999/05/25 v2.5h Standard LaTeX font definitions
)
LaTeX Font Info:    Font shape `OMS/cmr/m/n' in size <10> not available
(Font)              Font shape `OMS/cmsy/m/n' tried instead on input line 123.

Underfull \hbox (badness 10000) in paragraph at lines 127--131

 []

[4] [5]
Chapter 2.

Underfull \hbox (badness 10000) in paragraph at lines 150--151

 []


Package hyperref Warning: Token not allowed in a PDF string (PDFDocEncoding):
(hyperref)                removing `math shift' on input line 154.


Package hyperref Warning: Token not allowed in a PDF string (PDFDocEncoding):
(hyperref)                removing `subscript' on input line 154.


Package hyperref Warning: Token not allowed in a PDF string (PDFDocEncoding):
(hyperref)                removing `math shift' on input line 154.


Package hyperref Warning: Token not allowed in a PDF string (PDFDocEncoding):
(hyperref)                removing `math shift' on input line 155.


Package hyperref Warning: Token not allowed in a PDF string (PDFDocEncoding):
(hyperref)                removing `subscript' on input line 155.


Package hyperref Warning: Token not allowed in a PDF string (PDFDocEncoding):
(hyperref)                removing `math shift' on input line 155.

[6

]
Chapter 3.

LaTeX Warning: Reference `appTIF' on page 7 undefined on input line 165.

<figures/TIFandHeater.jpg, id=238, 436.63126pt x 249.18094pt>
File: figures/TIFandHeater.jpg Graphic file (type jpg)

<use figures/TIFandHeater.jpg>
Package pdftex.def Info: figures/TIFandHeater.jpg used on input line 172.
(pdftex.def)             Requested size: 469.75502pt x 268.0848pt.

Overfull \hbox (13.88893pt too wide) in paragraph at lines 172--173
[][]\OT1/cmr/m/n/10 [h!] 
 []


LaTeX Warning: Citation `tif web' on page 7 undefined on input line 173.


LaTeX Warning: Citation `tif web' on page 7 undefined on input line 173.


LaTeX Warning: Reference `fig:TIFsimplified' on page 7 undefined on input line 
178.

<figures/TIFsimplified.jpg, id=239, 891.33pt x 531.48563pt>
File: figures/TIFsimplified.jpg Graphic file (type jpg)

<use figures/TIFsimplified.jpg>
Package pdftex.def Info: figures/TIFsimplified.jpg used on input line 180.
(pdftex.def)             Requested size: 469.75502pt x 280.10463pt.
 [7

] [8 <C:/Users/Tim/Documents/Education/University of Bath/Mechanical Engineerin
g/Y3S2/BEng Project/Final Submission/Final Report/figures/TIFandHeater.jpg> <C:
/Users/Tim/Documents/Education/University of Bath/Mechanical Engineering/Y3S2/B
Eng Project/Final Submission/Final Report/figures/TIFsimplified.jpg>]
Underfull \hbox (badness 10000) in paragraph at lines 195--197

 []

[9]
Underfull \hbox (badness 10000) in paragraph at lines 216--225

 []

<figures/typicalTest.jpg, id=258, 798.85548pt x 503.55872pt>
File: figures/typicalTest.jpg Graphic file (type jpg)

<use figures/typicalTest.jpg>
Package pdftex.def Info: figures/typicalTest.jpg used on input line 228.
(pdftex.def)             Requested size: 469.75502pt x 296.11356pt.
 [10]
<figures/processing.jpg, id=265, 633.86812pt x 343.2825pt>
File: figures/processing.jpg Graphic file (type jpg)

<use figures/processing.jpg>
Package pdftex.def Info: figures/processing.jpg used on input line 237.
(pdftex.def)             Requested size: 469.75502pt x 254.41267pt.


LaTeX Warning: Reference `fig:keySignals' on page 11 undefined on input line 24
3.

[11 <C:/Users/Tim/Documents/Education/University of Bath/Mechanical Engineering
/Y3S2/BEng Project/Final Submission/Final Report/figures/typicalTest.jpg>]
[12 <C:/Users/Tim/Documents/Education/University of Bath/Mechanical Engineering
/Y3S2/BEng Project/Final Submission/Final Report/figures/processing.jpg>]

LaTeX Warning: Reference `enthalpyMethod' on page 13 undefined on input line 26
6.


Underfull \hbox (badness 10000) in paragraph at lines 264--272

 []


Underfull \hbox (badness 10000) in paragraph at lines 264--272

 []


Underfull \hbox (badness 10000) in paragraph at lines 264--272

 []


Underfull \hbox (badness 10000) in paragraph at lines 264--272

 []


Underfull \hbox (badness 10000) in paragraph at lines 264--272

 []

<enthalpyMethod.jpg, id=275, 526.96875pt x 510.40688pt>
File: enthalpyMethod.jpg Graphic file (type jpg)

<use enthalpyMethod.jpg>
Package pdftex.def Info: enthalpyMethod.jpg used on input line 276.
(pdftex.def)             Requested size: 234.8775pt x 227.50027pt.
 [13] [14 <C:/Users/Tim/Documents/Education/University of Bath/Mechanical Engin
eering/Y3S2/BEng Project/Final Submission/Final Report/enthalpyMethod.jpg>]
Chapter 4.
[15

]
Chapter 5.
[16

]
Chapter 6.
[17

]
Chapter 7.

("C:\Users\Tim\Documents\Education\University of Bath\Mechanical Engineering\Y3
S2\BEng Project\Final Submission\Final Report\FYPReport.bbl" [18

]
Missing character: There is no Ã in font cmr10!
Missing character: There is no © in font cmr10!
Missing character: There is no â in font cmr10!
Missing character: There is no € in font cmr10!
Missing character: There is no “ in font cmr10!
Missing character: There is no â in font cmr10!
Missing character: There is no € in font cmr10!
Missing character: There is no “ in font cmr10!
Missing character: There is no Ã in font cmr10!
Missing character: There is no © in font cmr10!
Missing character: There is no â in font cmr10!
Missing character: There is no € in font cmr10!
Missing character: There is no “ in font cmr10!
Missing character: There is no â in font cmr10!
Missing character: There is no € in font cmr10!
Missing character: There is no “ in font cmr10!
Missing character: There is no Ã in font cmr10!
Missing character: There is no © in font cmr10!
Missing character: There is no â in font cmr10!
Missing character: There is no € in font cmr10!
Missing character: There is no “ in font cmr10!
Missing character: There is no â in font cmr10!
Missing character: There is no € in font cmr10!
Missing character: There is no “ in font cmr10!
) [19

]
Appendix A.
<figures/../docs/PI_TIF_Plant.pdf, id=314, 845.1575pt x 1195.46625pt>
File: figures/../docs/PI_TIF_Plant.pdf Graphic file (type pdf)

<use figures/../docs/PI_TIF_Plant.pdf>
Package pdftex.def Info: figures/../docs/PI_TIF_Plant.pdf used on input line 37
9.
(pdftex.def)             Requested size: 845.15544pt x 1195.46333pt.
File: figures/../docs/PI_TIF_Plant.pdf Graphic file (type pdf)
 <use figures/../docs/PI_TIF_Plant.pdf>
Package pdftex.def Info: figures/../docs/PI_TIF_Plant.pdf used on input line 37
9.
(pdftex.def)             Requested size: 845.15544pt x 1195.46333pt.

[20

]
<figures/../docs/PI_TIF_Plant.pdf, id=322, page=1, 845.1575pt x 1195.46625pt>
File: figures/../docs/PI_TIF_Plant.pdf Graphic file (type pdf)

<use figures/../docs/PI_TIF_Plant.pdf, page 1>
Package pdftex.def Info: figures/../docs/PI_TIF_Plant.pdf, page1 used on input 
line 379.
(pdftex.def)             Requested size: 845.15544pt x 1195.46333pt.
File: figures/../docs/PI_TIF_Plant.pdf Graphic file (type pdf)

<use figures/../docs/PI_TIF_Plant.pdf, page 1>
Package pdftex.def Info: figures/../docs/PI_TIF_Plant.pdf, page1 used on input 
line 379.
(pdftex.def)             Requested size: 562.22902pt x 795.26694pt.
File: figures/../docs/PI_TIF_Plant.pdf Graphic file (type pdf)

<use figures/../docs/PI_TIF_Plant.pdf, page 1>
Package pdftex.def Info: figures/../docs/PI_TIF_Plant.pdf, page1 used on input 
line 379.
(pdftex.def)             Requested size: 562.22902pt x 795.26694pt.
File: figures/../docs/PI_TIF_Plant.pdf Graphic file (type pdf)

<use figures/../docs/PI_TIF_Plant.pdf, page 1>
Package pdftex.def Info: figures/../docs/PI_TIF_Plant.pdf, page1 used on input 
line 379.
(pdftex.def)             Requested size: 562.22902pt x 795.26694pt.
File: figures/../docs/PI_TIF_Plant.pdf Graphic file (type pdf)

<use figures/../docs/PI_TIF_Plant.pdf, page 1>
Package pdftex.def Info: figures/../docs/PI_TIF_Plant.pdf, page1 used on input 
line 379.
(pdftex.def)             Requested size: 562.22902pt x 795.26694pt.
 [21 <C:/Users/Tim/Documents/Education/University of Bath/Mechanical Engineerin
g/Y3S2/BEng Project/Final Submission/Final Report/figures/../docs/PI_TIF_Plant.
pdf>]

pdfTeX warning: pdflatex (file C:/Users/Tim/Documents/Education/University of B
ath/Mechanical Engineering/Y3S2/BEng Project/Final Submission/Final Report/figu
res/../docs/PI_TIF_Manifold.pdf): PDF inclusion: found PDF version <1.6>, but a
t most version <1.5> allowed
<figures/../docs/PI_TIF_Manifold.pdf, id=331, 845.1575pt x 1195.46625pt>
File: figures/../docs/PI_TIF_Manifold.pdf Graphic file (type pdf)

<use figures/../docs/PI_TIF_Manifold.pdf>
Package pdftex.def Info: figures/../docs/PI_TIF_Manifold.pdf used on input line
 380.
(pdftex.def)             Requested size: 845.15544pt x 1195.46333pt.


pdfTeX warning: pdflatex (file C:/Users/Tim/Documents/Education/University of B
ath/Mechanical Engineering/Y3S2/BEng Project/Final Submission/Final Report/figu
res/../docs/PI_TIF_Manifold.pdf): PDF inclusion: found PDF version <1.6>, but a
t most version <1.5> allowed
File: figures/../docs/PI_TIF_Manifold.pdf Graphic file (type pdf)
<use figures/../docs/PI_TIF_Manifold.pdf>
Package pdftex.def Info: figures/../docs/PI_TIF_Manifold.pdf used on input line
 380.
(pdftex.def)             Requested size: 845.15544pt x 1195.46333pt.


pdfTeX warning: pdflatex (file C:/Users/Tim/Documents/Education/University of B
ath/Mechanical Engineering/Y3S2/BEng Project/Final Submission/Final Report/figu
res/../docs/PI_TIF_Manifold.pdf): PDF inclusion: found PDF version <1.6>, but a
t most version <1.5> allowed


pdfTeX warning: pdflatex (file C:/Users/Tim/Documents/Education/University of B
ath/Mechanical Engineering/Y3S2/BEng Project/Final Submission/Final Report/figu
res/../docs/PI_TIF_Manifold.pdf): PDF inclusion: found PDF version <1.6>, but a
t most version <1.5> allowed

<figures/../docs/PI_TIF_Manifold.pdf, id=334, page=1, 845.1575pt x 1195.46625pt
>
File: figures/../docs/PI_TIF_Manifold.pdf Graphic file (type pdf)
 <use figures/../docs/PI_TIF_Manifold.pdf, page 1>
Package pdftex.def Info: figures/../docs/PI_TIF_Manifold.pdf, page1 used on inp
ut line 380.
(pdftex.def)             Requested size: 845.15544pt x 1195.46333pt.
File: figures/../docs/PI_TIF_Manifold.pdf Graphic file (type pdf)

<use figures/../docs/PI_TIF_Manifold.pdf, page 1>
Package pdftex.def Info: figures/../docs/PI_TIF_Manifold.pdf, page1 used on inp
ut line 380.
(pdftex.def)             Requested size: 562.22902pt x 795.26694pt.
File: figures/../docs/PI_TIF_Manifold.pdf Graphic file (type pdf)

<use figures/../docs/PI_TIF_Manifold.pdf, page 1>
Package pdftex.def Info: figures/../docs/PI_TIF_Manifold.pdf, page1 used on inp
ut line 380.
(pdftex.def)             Requested size: 562.22902pt x 795.26694pt.
File: figures/../docs/PI_TIF_Manifold.pdf Graphic file (type pdf)

<use figures/../docs/PI_TIF_Manifold.pdf, page 1>
Package pdftex.def Info: figures/../docs/PI_TIF_Manifold.pdf, page1 used on inp
ut line 380.
(pdftex.def)             Requested size: 562.22902pt x 795.26694pt.
File: figures/../docs/PI_TIF_Manifold.pdf Graphic file (type pdf)

<use figures/../docs/PI_TIF_Manifold.pdf, page 1>
Package pdftex.def Info: figures/../docs/PI_TIF_Manifold.pdf, page1 used on inp
ut line 380.
(pdftex.def)             Requested size: 562.22902pt x 795.26694pt.
 [22 <C:/Users/Tim/Documents/Education/University of Bath/Mechanical Engineerin
g/Y3S2/BEng Project/Final Submission/Final Report/figures/../docs/PI_TIF_Manifo
ld.pdf>]
Appendix B.
<figures/../docs/calibration.pdf, id=350, 597.432pt x 844.5954pt>
File: figures/../docs/calibration.pdf Graphic file (type pdf)

<use figures/../docs/calibration.pdf>
Package pdftex.def Info: figures/../docs/calibration.pdf used on input line 382
.
(pdftex.def)             Requested size: 597.43054pt x 844.59334pt.
File: figures/../docs/calibration.pdf Graphic file (type pdf)
 <use figures/../docs/calibration.pdf>
Package pdftex.def Info: figures/../docs/calibration.pdf used on input line 382
.
(pdftex.def)             Requested size: 597.43054pt x 844.59334pt.

[23

] <figures/../docs/calibration.pdf, id=357, page=1, 597.432pt x 844.5954pt>
File: figures/../docs/calibration.pdf Graphic file (type pdf)

<use figures/../docs/calibration.pdf, page 1>
Package pdftex.def Info: figures/../docs/calibration.pdf, page1 used on input l
ine 382.
(pdftex.def)             Requested size: 597.43054pt x 844.59334pt.
File: figures/../docs/calibration.pdf Graphic file (type pdf)

<use figures/../docs/calibration.pdf, page 1>
Package pdftex.def Info: figures/../docs/calibration.pdf, page1 used on input l
ine 382.
(pdftex.def)             Requested size: 562.71655pt x 795.51784pt.
File: figures/../docs/calibration.pdf Graphic file (type pdf)

<use figures/../docs/calibration.pdf, page 1>
Package pdftex.def Info: figures/../docs/calibration.pdf, page1 used on input l
ine 382.
(pdftex.def)             Requested size: 562.71655pt x 795.51784pt.
File: figures/../docs/calibration.pdf Graphic file (type pdf)

<use figures/../docs/calibration.pdf, page 1>
Package pdftex.def Info: figures/../docs/calibration.pdf, page1 used on input l
ine 382.
(pdftex.def)             Requested size: 562.71655pt x 795.51784pt.
File: figures/../docs/calibration.pdf Graphic file (type pdf)

<use figures/../docs/calibration.pdf, page 1>
Package pdftex.def Info: figures/../docs/calibration.pdf, page1 used on input l
ine 382.
(pdftex.def)             Requested size: 562.71655pt x 795.51784pt.
 [24 <C:/Users/Tim/Documents/Education/University of Bath/Mechanical Engineerin
g/Y3S2/BEng Project/Final Submission/Final Report/figures/../docs/calibration.p
df, page is rotated 270 degrees>]
<figures/../docs/sizing.pdf, id=366, 597.23125pt x 845.1575pt>
File: figures/../docs/sizing.pdf Graphic file (type pdf)

<use figures/../docs/sizing.pdf>
Package pdftex.def Info: figures/../docs/sizing.pdf used on input line 383.
(pdftex.def)             Requested size: 597.22978pt x 845.15544pt.
File: figures/../docs/sizing.pdf Graphic file (type pdf)
 <use figures/../docs/sizing.pdf>
Package pdftex.def Info: figures/../docs/sizing.pdf used on input line 383.
(pdftex.def)             Requested size: 597.22978pt x 845.15544pt.

<figures/../docs/sizing.pdf, id=369, page=1, 597.23125pt x 845.1575pt>
File: figures/../docs/sizing.pdf Graphic file (type pdf)

<use figures/../docs/sizing.pdf, page 1>
Package pdftex.def Info: figures/../docs/sizing.pdf, page1 used on input line 3
83.
(pdftex.def)             Requested size: 597.22978pt x 845.15544pt.
File: figures/../docs/sizing.pdf Graphic file (type pdf)

<use figures/../docs/sizing.pdf, page 1>
Package pdftex.def Info: figures/../docs/sizing.pdf, page1 used on input line 3
83.
(pdftex.def)             Requested size: 561.86221pt x 795.10587pt.
File: figures/../docs/sizing.pdf Graphic file (type pdf)

<use figures/../docs/sizing.pdf, page 1>
Package pdftex.def Info: figures/../docs/sizing.pdf, page1 used on input line 3
83.
(pdftex.def)             Requested size: 561.86221pt x 795.10587pt.
File: figures/../docs/sizing.pdf Graphic file (type pdf)

<use figures/../docs/sizing.pdf, page 1>
Package pdftex.def Info: figures/../docs/sizing.pdf, page1 used on input line 3
83.
(pdftex.def)             Requested size: 561.86221pt x 795.10587pt.
File: figures/../docs/sizing.pdf Graphic file (type pdf)

<use figures/../docs/sizing.pdf, page 1>
Package pdftex.def Info: figures/../docs/sizing.pdf, page1 used on input line 3
83.
(pdftex.def)             Requested size: 561.86221pt x 795.10587pt.
 [25 <C:/Users/Tim/Documents/Education/University of Bath/Mechanical Engineerin
g/Y3S2/BEng Project/Final Submission/Final Report/figures/../docs/sizing.pdf>]
Appendix C.
<figures/../docs/Heater_Design.pdf, id=385, 1195.02466pt x 845.0471pt>
File: figures/../docs/Heater_Design.pdf Graphic file (type pdf)

<use figures/../docs/Heater_Design.pdf>
Package pdftex.def Info: figures/../docs/Heater_Design.pdf used on input line 3
87.
(pdftex.def)             Requested size: 1195.02174pt x 845.04504pt.
File: figures/../docs/Heater_Design.pdf Graphic file (type pdf)

<use figures/../docs/Heater_Design.pdf>
Package pdftex.def Info: figures/../docs/Heater_Design.pdf used on input line 3
87.
(pdftex.def)             Requested size: 1195.02174pt x 845.04504pt.
 [26

]
<figures/../docs/Heater_Design.pdf, id=393, page=1, 1195.02466pt x 845.0471pt>
File: figures/../docs/Heater_Design.pdf Graphic file (type pdf)

<use figures/../docs/Heater_Design.pdf, page 1>
Package pdftex.def Info: figures/../docs/Heater_Design.pdf, page1 used on input
 line 387.
(pdftex.def)             Requested size: 1195.02174pt x 845.04504pt.
File: figures/../docs/Heater_Design.pdf Graphic file (type pdf)

<use figures/../docs/Heater_Design.pdf, page 1>
Package pdftex.def Info: figures/../docs/Heater_Design.pdf, page1 used on input
 line 387.
(pdftex.def)             Requested size: 794.97318pt x 562.15558pt.
File: figures/../docs/Heater_Design.pdf Graphic file (type pdf)

<use figures/../docs/Heater_Design.pdf, page 1>
Package pdftex.def Info: figures/../docs/Heater_Design.pdf, page1 used on input
 line 387.
(pdftex.def)             Requested size: 794.97318pt x 562.15558pt.
File: figures/../docs/Heater_Design.pdf Graphic file (type pdf)

<use figures/../docs/Heater_Design.pdf, page 1>
Package pdftex.def Info: figures/../docs/Heater_Design.pdf, page1 used on input
 line 387.
(pdftex.def)             Requested size: 794.97318pt x 562.15558pt.
File: figures/../docs/Heater_Design.pdf Graphic file (type pdf)

<use figures/../docs/Heater_Design.pdf, page 1>
Package pdftex.def Info: figures/../docs/Heater_Design.pdf, page1 used on input
 line 387.
(pdftex.def)             Requested size: 794.97318pt x 562.15558pt.
 [27 <C:/Users/Tim/Documents/Education/University of Bath/Mechanical Engineerin
g/Y3S2/BEng Project/Final Submission/Final Report/figures/../docs/Heater_Design
.pdf>]
<figures/../docs/heater2.pdf, id=413, 1195.02466pt x 845.0471pt>
File: figures/../docs/heater2.pdf Graphic file (type pdf)

<use figures/../docs/heater2.pdf>
Package pdftex.def Info: figures/../docs/heater2.pdf used on input line 388.
(pdftex.def)             Requested size: 1195.02174pt x 845.04504pt.
File: figures/../docs/heater2.pdf Graphic file (type pdf)
 <use figures/../docs/heater2.pdf>
Package pdftex.def Info: figures/../docs/heater2.pdf used on input line 388.
(pdftex.def)             Requested size: 1195.02174pt x 845.04504pt.

<figures/../docs/heater2.pdf, id=416, page=1, 1195.02466pt x 845.0471pt>
File: figures/../docs/heater2.pdf Graphic file (type pdf)

<use figures/../docs/heater2.pdf, page 1>
Package pdftex.def Info: figures/../docs/heater2.pdf, page1 used on input line 
388.
(pdftex.def)             Requested size: 1195.02174pt x 845.04504pt.
File: figures/../docs/heater2.pdf Graphic file (type pdf)

<use figures/../docs/heater2.pdf, page 1>
Package pdftex.def Info: figures/../docs/heater2.pdf, page1 used on input line 
388.
(pdftex.def)             Requested size: 794.97318pt x 562.15558pt.
File: figures/../docs/heater2.pdf Graphic file (type pdf)

<use figures/../docs/heater2.pdf, page 1>
Package pdftex.def Info: figures/../docs/heater2.pdf, page1 used on input line 
388.
(pdftex.def)             Requested size: 794.97318pt x 562.15558pt.
File: figures/../docs/heater2.pdf Graphic file (type pdf)

<use figures/../docs/heater2.pdf, page 1>
Package pdftex.def Info: figures/../docs/heater2.pdf, page1 used on input line 
388.
(pdftex.def)             Requested size: 794.97318pt x 562.15558pt.
File: figures/../docs/heater2.pdf Graphic file (type pdf)

<use figures/../docs/heater2.pdf, page 1>
Package pdftex.def Info: figures/../docs/heater2.pdf, page1 used on input line 
388.
(pdftex.def)             Requested size: 794.97318pt x 562.15558pt.
 [28 <C:/Users/Tim/Documents/Education/University of Bath/Mechanical Engineerin
g/Y3S2/BEng Project/Final Submission/Final Report/figures/../docs/heater2.pdf>]

<figures/../docs/heater3.pdf, id=436, 1195.02466pt x 845.0471pt>
File: figures/../docs/heater3.pdf Graphic file (type pdf)

<use figures/../docs/heater3.pdf>
Package pdftex.def Info: figures/../docs/heater3.pdf used on input line 389.
(pdftex.def)             Requested size: 1195.02174pt x 845.04504pt.
File: figures/../docs/heater3.pdf Graphic file (type pdf)
 <use figures/../docs/heater3.pdf>
Package pdftex.def Info: figures/../docs/heater3.pdf used on input line 389.
(pdftex.def)             Requested size: 1195.02174pt x 845.04504pt.

<figures/../docs/heater3.pdf, id=439, page=1, 1195.02466pt x 845.0471pt>
File: figures/../docs/heater3.pdf Graphic file (type pdf)

<use figures/../docs/heater3.pdf, page 1>
Package pdftex.def Info: figures/../docs/heater3.pdf, page1 used on input line 
389.
(pdftex.def)             Requested size: 1195.02174pt x 845.04504pt.
File: figures/../docs/heater3.pdf Graphic file (type pdf)

<use figures/../docs/heater3.pdf, page 1>
Package pdftex.def Info: figures/../docs/heater3.pdf, page1 used on input line 
389.
(pdftex.def)             Requested size: 794.97318pt x 562.15558pt.
File: figures/../docs/heater3.pdf Graphic file (type pdf)

<use figures/../docs/heater3.pdf, page 1>
Package pdftex.def Info: figures/../docs/heater3.pdf, page1 used on input line 
389.
(pdftex.def)             Requested size: 794.97318pt x 562.15558pt.
File: figures/../docs/heater3.pdf Graphic file (type pdf)

<use figures/../docs/heater3.pdf, page 1>
Package pdftex.def Info: figures/../docs/heater3.pdf, page1 used on input line 
389.
(pdftex.def)             Requested size: 794.97318pt x 562.15558pt.
File: figures/../docs/heater3.pdf Graphic file (type pdf)

<use figures/../docs/heater3.pdf, page 1>
Package pdftex.def Info: figures/../docs/heater3.pdf, page1 used on input line 
389.
(pdftex.def)             Requested size: 794.97318pt x 562.15558pt.
 [29 <C:/Users/Tim/Documents/Education/University of Bath/Mechanical Engineerin
g/Y3S2/BEng Project/Final Submission/Final Report/figures/../docs/heater3.pdf>]

Appendix D.
[30

]
Appendix E.
Package atveryend Info: Empty hook `BeforeClearDocument' on input line 392.
[31

]
Package atveryend Info: Empty hook `AfterLastShipout' on input line 392.

("C:\Users\Tim\Documents\Education\University of Bath\Mechanical Engineering\Y3
S2\BEng Project\Final Submission\Final Report\FYPReport.aux")
Package atveryend Info: Executing hook `AtVeryEndDocument' on input line 392.
Package atveryend Info: Executing hook `AtEndAfterFileList' on input line 392.
Package rerunfilecheck Info: File `FYPReport.out' has not changed.
(rerunfilecheck)             Checksum: A43187CB4CF4D53C47034D2D0BA4CF23;2038.


LaTeX Warning: There were undefined references.

Package atveryend Info: Empty hook `AtVeryVeryEnd' on input line 392.
 ) 
Here is how much of TeX's memory you used:
 9555 strings out of 493921
 144380 string characters out of 3144882
 248294 words of memory out of 3000000
 12591 multiletter control sequences out of 15000+200000
 11346 words of font info for 41 fonts, out of 3000000 for 9000
 841 hyphenation exceptions out of 8191
 42i,18n,42p,976b,499s stack positions out of 5000i,500n,10000p,200000b,50000s
<C:/Program Files (x86)/MiKTeX 2.9/fonts/type1/public/amsfonts/cm/cmbx10.pfb>
<C:/Program Files (x86)/MiKTeX 2.9/fonts/type1/public/amsfonts/cm/cmbx12.pfb><C
:/Program Files (x86)/MiKTeX 2.9/fonts/type1/public/amsfonts/cm/cmmi10.pfb><C:/
Program Files (x86)/MiKTeX 2.9/fonts/type1/public/amsfonts/cm/cmmi7.pfb><C:/Pro
gram Files (x86)/MiKTeX 2.9/fonts/type1/public/amsfonts/cm/cmr10.pfb><C:/Progra
m Files (x86)/MiKTeX 2.9/fonts/type1/public/amsfonts/cm/cmr12.pfb><C:/Program F
iles (x86)/MiKTeX 2.9/fonts/type1/public/amsfonts/cm/cmr17.pfb><C:/Program File
s (x86)/MiKTeX 2.9/fonts/type1/public/amsfonts/cm/cmr7.pfb><C:/Program Files (x
86)/MiKTeX 2.9/fonts/type1/public/amsfonts/cm/cmsy10.pfb><C:/Program Files (x86
)/MiKTeX 2.9/fonts/type1/public/amsfonts/cm/cmsy7.pfb><C:/Program Files (x86)/M
iKTeX 2.9/fonts/type1/public/amsfonts/cm/cmti10.pfb>
Output written on FYPReport.pdf (36 pages, 1384846 bytes).
PDF statistics:
 525 PDF objects out of 1000 (max. 8388607)
 100 named destinations out of 1000 (max. 500000)
 421 words of extra memory for PDF output out of 10000 (max. 10000000)

